//-------------------------- 5/5/2014 -- 23:47:22 -----
Console trace is off.
--------------------------------------------------------------------------------
Video Initialization:
--------------------------------------------------------------------------------
Video initialization:
   Accelerated OpenGL display device detected.

Activating the OpenGL display device...
Activating the OpenGL display device...
Setting screen mode to 1024x768x32 (w)...
Creating a new window...
Acquiring a new device context...
Pixel format set:
  32 color bits, 24 depth bits, 8 stencil bits
Creating a new rendering context...
Making the new rendering context current...
OpenGL driver information:
  Vendor: NVIDIA Corporation
  Renderer: GeForce 8500 GT/PCIe/SSE2/3DNOW!
  Version: 3.3.0
OpenGL Init: Enabled Extensions
  ARB_multitexture (Max Texture Units: 4)
  EXT_blend_color
  EXT_blend_minmax
  EXT_compiled_vertex_array
  NV_vertex_array_range
  EXT_texture_env_combine
  EXT_packed_pixels
  EXT_fog_coord
  ARB_texture_compression
  EXT_texture_compression_s3tc
  (ARB|EXT)_texture_env_add
  EXT_texture_filter_anisotropic (Max anisotropy: 16)
  WGL_EXT_swap_control
OpenGL Init: Disabled Extensions
  EXT_paletted_texture
  3DFX_texture_compression_FXT1

Max Texture Size reported as: 8192
OpenAL Driver Init
OpenAL Driver Init Success
@@@ Console::create function called
Console trace is off.
Asset Manager: Failed to acquire asset Id 'ToyAssets:blueGradient' as it does not exist.
none
0
down
0
2
4
6
8
10
12
14
16
down
0
left
0
left
0
up
0
up
0
down
0
2
4
6
8
10
12
14
16
18
20
22
24
26
28
30
32
34
36
38
40
42
44
46
48
50
52
54
56
58
60
62
64
66
68
70
72
74
76
78
80
82
84
86
88
90
92
94
96
98
100
102
104
106
108
110
112
114
116
118
120
122
124
126
128
down
0
up
0
2
4
6
8
10
12
14
16
up
0
up
0
2
4
6
8
10
12
14
16
up
0
down
0
@@@ Console::destroy function called
modules/Zqrk/1/main.cs (133): Unable to find object: 'opccontrols' attempting to call function 'pop'
modules/Zqrk/1/scripts/opc_controls.cs (236): Unknown command disableUpdateCallback.
  Object PlayerShip(1162) PlayerShip -> Sprite -> SpriteBase -> SceneObject -> BehaviorComponent -> DynamicConsoleMethodComponent -> SimComponent -> SimObject
Shutting down the OpenGL display device...
Making the GL rendering context not current...
Deleting the GL rendering context...
Releasing the device context...
